c:\users\raynor\downloads\opengl_4_application_vs2015\opengl_4_application_vs2015\opengl_4_application_vs2015\debug\opengl_4_application_vs2015.pch
c:\users\raynor\downloads\opengl_4_application_vs2015\opengl_4_application_vs2015\opengl_4_application_vs2015\debug\vc140.pdb
c:\users\raynor\downloads\opengl_4_application_vs2015\opengl_4_application_vs2015\opengl_4_application_vs2015\debug\vc140.idb
c:\users\raynor\downloads\opengl_4_application_vs2015\opengl_4_application_vs2015\opengl_4_application_vs2015\debug\stdafx.obj
c:\users\raynor\downloads\opengl_4_application_vs2015\opengl_4_application_vs2015\opengl_4_application_vs2015\debug\camera.obj
c:\users\raynor\downloads\opengl_4_application_vs2015\opengl_4_application_vs2015\opengl_4_application_vs2015\debug\mesh.obj
c:\users\raynor\downloads\opengl_4_application_vs2015\opengl_4_application_vs2015\opengl_4_application_vs2015\debug\model3d.obj
c:\users\raynor\downloads\opengl_4_application_vs2015\opengl_4_application_vs2015\opengl_4_application_vs2015\debug\opengl_4_application_vs2015.obj
c:\users\raynor\downloads\opengl_4_application_vs2015\opengl_4_application_vs2015\opengl_4_application_vs2015\debug\shader.obj
c:\users\raynor\downloads\opengl_4_application_vs2015\opengl_4_application_vs2015\opengl_4_application_vs2015\debug\stb_image.obj
c:\users\raynor\downloads\opengl_4_application_vs2015\opengl_4_application_vs2015\debug\opengl_4_application_vs2015.pdb
c:\users\raynor\downloads\opengl_4_application_vs2015\opengl_4_application_vs2015\opengl_4_application_vs2015\debug\opengl_4.59a67b95.tlog\cl.command.1.tlog
c:\users\raynor\downloads\opengl_4_application_vs2015\opengl_4_application_vs2015\opengl_4_application_vs2015\debug\opengl_4.59a67b95.tlog\cl.read.1.tlog
c:\users\raynor\downloads\opengl_4_application_vs2015\opengl_4_application_vs2015\opengl_4_application_vs2015\debug\opengl_4.59a67b95.tlog\cl.write.1.tlog
c:\users\raynor\downloads\opengl_4_application_vs2015\opengl_4_application_vs2015\opengl_4_application_vs2015\debug\opengl_4.59a67b95.tlog\link-cvtres.read.1.tlog
c:\users\raynor\downloads\opengl_4_application_vs2015\opengl_4_application_vs2015\opengl_4_application_vs2015\debug\opengl_4.59a67b95.tlog\link-cvtres.write.1.tlog
c:\users\raynor\downloads\opengl_4_application_vs2015\opengl_4_application_vs2015\opengl_4_application_vs2015\debug\opengl_4.59a67b95.tlog\link-rc.read.1.tlog
c:\users\raynor\downloads\opengl_4_application_vs2015\opengl_4_application_vs2015\opengl_4_application_vs2015\debug\opengl_4.59a67b95.tlog\link-rc.write.1.tlog
c:\users\raynor\downloads\opengl_4_application_vs2015\opengl_4_application_vs2015\opengl_4_application_vs2015\debug\opengl_4.59a67b95.tlog\link.command.1.tlog
c:\users\raynor\downloads\opengl_4_application_vs2015\opengl_4_application_vs2015\opengl_4_application_vs2015\debug\opengl_4.59a67b95.tlog\link.read.1.tlog
c:\users\raynor\downloads\opengl_4_application_vs2015\opengl_4_application_vs2015\opengl_4_application_vs2015\debug\opengl_4.59a67b95.tlog\link.write.1.tlog
